2025-04-10 08:55:11,055 [INFO] Activator:176 - 


2025-04-10 08:55:11,059 [INFO] Activator:177 - !SESSION log4j initialized
2025-04-10 08:55:19,599 [INFO] LogOutputStream:77 - [STDOUT_REDIRECT] 
2025-04-10 08:55:22,728 [INFO] ApplicationProperties:184 - Using Application install path: C:\ST\STM32CubeIDE_1.17.0\STM32CubeIDE\plugins\com.st.stm32cube.common.mx_6.13.0.202411220809
2025-04-10 08:55:22,751 [INFO] DbMcusXml:78 - Set database path to: C:\ST\STM32CubeIDE_1.17.0\STM32CubeIDE\plugins\com.st.stm32cube.common.mx_6.13.0.202411220809\\db\/mcu/
2025-04-10 08:55:22,752 [INFO] ApiDb:274 - Set plugin database path to: C:\ST\STM32CubeIDE_1.17.0\STM32CubeIDE\plugins\com.st.stm32cube.common.mx_6.13.0.202411220809\\db\/plugins/boardmanager/
2025-04-10 08:55:22,752 [WARN] ApiDb:259 - Overriding images path with different value:  => C:\ST\STM32CubeIDE_1.17.0\STM32CubeIDE\plugins\com.st.stm32cube.common.mx_6.13.0.202411220809\\db\/plugins/mcufinder/images/
2025-04-10 08:55:22,772 [INFO] ApiDb:250 - Set database path to: C:\Users\thepd\.stmcufinder\plugins\mcufinder//mcu/
2025-04-10 08:55:22,774 [INFO] DbMcusAds:125 - Set database path to: C:\Users\thepd\.stmcufinder\plugins\mcufinder//mcu/
2025-04-10 08:55:22,778 [INFO] CrossReferenceDbSqlite:203 - Set database path to: C:\Users\thepd\.stmcufinder\plugins\mcufinder//mcu/cs/
2025-04-10 08:55:22,930 [INFO] RulesReader:64 - Compatibility file has been processed (297 Rules)
2025-04-10 08:55:23,065 [INFO] DbMcusXml:78 - Set database path to: C:\ST\STM32CubeIDE_1.17.0\STM32CubeIDE\plugins\com.st.stm32cube.common.mx_6.13.0.202411220809\\db\/mcu/
2025-04-10 08:55:23,065 [INFO] ApiDb:274 - Set plugin database path to: C:\ST\STM32CubeIDE_1.17.0\STM32CubeIDE\plugins\com.st.stm32cube.common.mx_6.13.0.202411220809\\db\/plugins/boardmanager/
2025-04-10 08:55:23,065 [INFO] ApiDb:261 - Set plugin images path to: C:\ST\STM32CubeIDE_1.17.0\STM32CubeIDE\plugins\com.st.stm32cube.common.mx_6.13.0.202411220809\\db\/plugins/mcufinder/images/
2025-04-10 08:55:23,065 [WARN] DbFile:41 - Overriding database path with different value: C:\Users\thepd\.stmcufinder\plugins\mcufinder/ => C:\Users\thepd\.stmcufinder\plugins\mcufinder
2025-04-10 08:55:23,065 [INFO] ApiDb:250 - Set database path to: C:\Users\thepd\.stmcufinder\plugins\mcufinder//mcu/
2025-04-10 08:55:23,066 [WARN] DbFile:41 - Overriding database path with different value: C:\Users\thepd\.stmcufinder\plugins\mcufinder/ => C:\Users\thepd\.stmcufinder\plugins\mcufinder
2025-04-10 08:55:23,066 [INFO] DbMcusAds:125 - Set database path to: C:\Users\thepd\.stmcufinder\plugins\mcufinder//mcu/
2025-04-10 08:55:23,066 [WARN] DbFile:41 - Overriding database path with different value: C:\Users\thepd\.stmcufinder\plugins\mcufinder/ => C:\Users\thepd\.stmcufinder\plugins\mcufinder
2025-04-10 08:55:23,067 [WARN] DbFile:41 - Overriding database path with different value: C:\Users\thepd\.stmcufinder\plugins\mcufinder/ => C:\Users\thepd\.stmcufinder\plugins\mcufinder
2025-04-10 08:55:23,067 [INFO] CrossReferenceDbSqlite:203 - Set database path to: C:\Users\thepd\.stmcufinder\plugins\mcufinder//mcu/cs/
2025-04-10 08:55:23,211 [INFO] MainPanel:272 - HeapMemory: 268435456
2025-04-10 08:55:23,400 [INFO] DbMcusXml:78 - Set database path to: C:\ST\STM32CubeIDE_1.17.0\STM32CubeIDE\plugins\com.st.stm32cube.common.mx_6.13.0.202411220809\\db\/mcu/
2025-04-10 08:55:23,400 [INFO] ApiDb:274 - Set plugin database path to: C:\ST\STM32CubeIDE_1.17.0\STM32CubeIDE\plugins\com.st.stm32cube.common.mx_6.13.0.202411220809\\db\/plugins/boardmanager/
2025-04-10 08:55:23,400 [INFO] ApiDb:261 - Set plugin images path to: C:\ST\STM32CubeIDE_1.17.0\STM32CubeIDE\plugins\com.st.stm32cube.common.mx_6.13.0.202411220809\\db\/plugins/mcufinder/images/
2025-04-10 08:55:23,400 [WARN] DbFile:41 - Overriding database path with different value: C:\Users\thepd\.stmcufinder\plugins\mcufinder/ => C:\Users\thepd\.stmcufinder\plugins\mcufinder
2025-04-10 08:55:23,400 [INFO] ApiDb:250 - Set database path to: C:\Users\thepd\.stmcufinder\plugins\mcufinder//mcu/
2025-04-10 08:55:23,401 [WARN] DbFile:41 - Overriding database path with different value: C:\Users\thepd\.stmcufinder\plugins\mcufinder/ => C:\Users\thepd\.stmcufinder\plugins\mcufinder
2025-04-10 08:55:23,401 [INFO] DbMcusAds:125 - Set database path to: C:\Users\thepd\.stmcufinder\plugins\mcufinder//mcu/
2025-04-10 08:55:23,401 [WARN] DbFile:41 - Overriding database path with different value: C:\Users\thepd\.stmcufinder\plugins\mcufinder/ => C:\Users\thepd\.stmcufinder\plugins\mcufinder
2025-04-10 08:55:23,401 [WARN] DbFile:41 - Overriding database path with different value: C:\Users\thepd\.stmcufinder\plugins\mcufinder/ => C:\Users\thepd\.stmcufinder\plugins\mcufinder
2025-04-10 08:55:23,401 [INFO] CrossReferenceDbSqlite:203 - Set database path to: C:\Users\thepd\.stmcufinder\plugins\mcufinder//mcu/cs/
2025-04-10 08:55:23,428 [INFO] ApplicationProperties:184 - Using Application install path: C:\ST\STM32CubeIDE_1.17.0\STM32CubeIDE\plugins\com.st.stm32cube.common.mx_6.13.0.202411220809
2025-04-10 08:55:23,430 [INFO] PluginManage:196 - Search for loadable plugins [exclusion list=, ]
2025-04-10 08:55:23,432 [INFO] PluginManage:310 - Check plugin analytics
2025-04-10 08:55:23,735 [INFO] AnalyticsPlugin:253 - Accepted Software Licenses: STM32CubeMX.6.4.0,STM32CubeMX.6.14.0
2025-04-10 08:55:23,735 [INFO] AnalyticsPlugin:255 - Accepted CMSIS Pack Licenses: 
2025-04-10 08:55:23,735 [INFO] AnalyticsPlugin:257 - Accepted Firmware Licenses: FW.G4.1.6.0,FW.G4.1.5.0,FW.F4.1.28.0
2025-04-10 08:55:23,739 [INFO] PluginManage:359 - Loaded plugin analytics (category:tool,tabindex:-1)
2025-04-10 08:55:23,740 [INFO] PluginManage:310 - Check plugin cadmodel
2025-04-10 08:55:23,767 [INFO] CADModel:105 - Init CAD model plugin
2025-04-10 08:55:23,768 [INFO] PluginManage:359 - Loaded plugin cadmodel (category:power,tabindex:5)
2025-04-10 08:55:23,768 [INFO] PluginManage:310 - Check plugin clock
2025-04-10 08:55:23,803 [INFO] PluginManage:359 - Loaded plugin clock (category:base,tabindex:2)
2025-04-10 08:55:23,803 [INFO] PluginManage:310 - Check plugin ddr
2025-04-10 08:55:23,809 [INFO] PluginManage:359 - Loaded plugin ddr (category:tool,tabindex:6)
2025-04-10 08:55:23,809 [INFO] PluginManage:310 - Check plugin filemanager
2025-04-10 08:55:24,016 [INFO] PluginManage:359 - Loaded plugin filemanager (category:base,tabindex:10)
2025-04-10 08:55:24,017 [INFO] PluginManage:310 - Check plugin ipmanager
2025-04-10 08:55:24,028 [INFO] PluginManage:359 - Loaded plugin ipmanager (category:base,tabindex:5)
2025-04-10 08:55:24,028 [INFO] PluginManage:310 - Check plugin lpbam
2025-04-10 08:55:24,054 [INFO] PluginManage:359 - Loaded plugin lpbam (category:base,tabindex:0)
2025-04-10 08:55:24,055 [INFO] PluginManage:310 - Check plugin memorymap
2025-04-10 08:55:24,092 [INFO] PluginManage:359 - Loaded plugin memorymap (category:base,tabindex:4)
2025-04-10 08:55:24,092 [INFO] PluginManage:310 - Check plugin pinoutandconfiguration
2025-04-10 08:55:24,122 [INFO] PluginManage:359 - Loaded plugin pinoutandconfiguration (category:base,tabindex:1)
2025-04-10 08:55:24,122 [INFO] PluginManage:310 - Check plugin pinoutconfig
2025-04-10 08:55:24,264 [WARN] SupportedApi:132 - Cannot load RTOS API schema: s4s-elt-must-match.1: The content of 'definitions' must match (annotation?, (simpleType | complexType)?, (unique | key | keyref)*)). A problem was found starting at: attribute.
2025-04-10 08:55:24,451 [INFO] PluginManage:359 - Loaded plugin pinoutconfig (category:base,tabindex:0)
2025-04-10 08:55:24,452 [INFO] PluginManage:310 - Check plugin power
2025-04-10 08:55:24,484 [INFO] PluginManage:359 - Loaded plugin power (category:power,tabindex:4)
2025-04-10 08:55:24,484 [INFO] PluginManage:310 - Check plugin projectmanager
2025-04-10 08:55:24,509 [INFO] PluginManage:359 - Loaded plugin projectmanager (category:projectmanager,tabindex:4)
2025-04-10 08:55:24,509 [INFO] PluginManage:310 - Check plugin rif
2025-04-10 08:55:24,537 [INFO] PluginManage:359 - Loaded plugin rif (category:base,tabindex:3)
2025-04-10 08:55:24,537 [INFO] PluginManage:310 - Check plugin thirdparty
2025-04-10 08:55:24,979 [WARN] IntegrityCheckThread:84 - waiting for thirdparty lock release [integrity check]
2025-04-10 08:55:24,980 [INFO] PluginManage:359 - Loaded plugin thirdparty (category:base,tabindex:-1)
2025-04-10 08:55:24,980 [INFO] IntegrityCheckThread:86 - entering critical section [integrity check]
2025-04-10 08:55:24,980 [INFO] PluginManage:310 - Check plugin tools
2025-04-10 08:55:24,980 [INFO] ThirdPartyUpdaterWithRetryManager:70 - Updater plugin not ready yet. [1/15]
2025-04-10 08:55:25,038 [INFO] PluginManage:359 - Loaded plugin tools (category:base,tabindex:7)
2025-04-10 08:55:25,038 [INFO] PluginManage:310 - Check plugin tutovideos
2025-04-10 08:55:25,390 [INFO] PluginManage:359 - Loaded plugin tutovideos (category:base,tabindex:-1)
2025-04-10 08:55:25,390 [INFO] PluginManage:310 - Check plugin updater
2025-04-10 08:55:25,419 [INFO] PluginManage:359 - Loaded plugin updater (category:base,tabindex:12)
2025-04-10 08:55:25,419 [INFO] PluginManage:310 - Check plugin userauth
2025-04-10 08:55:25,425 [INFO] UserAuth:118 - Init User Auth plugin
2025-04-10 08:55:25,426 [INFO] PluginManage:359 - Loaded plugin userauth (category:base,tabindex:14)
2025-04-10 08:55:25,427 [INFO] PluginManage:283 - PluginManage : Loaded plugins [18]
2025-04-10 08:55:25,773 [INFO] PinOutPanel:1589 - setPackage(No Configuration,No Configuration)
2025-04-10 08:55:25,892 [INFO] CADModel:165 - CPN selected for project level
2025-04-10 08:55:25,892 [INFO] CADModel:114 - Register for checkConnection events
2025-04-10 08:55:25,935 [INFO] IPUIPlugin:80 - create IPUIPlugin
2025-04-10 08:55:25,935 [INFO] PluginManager:220 - loadIPPluginJar : add adc
2025-04-10 08:55:26,000 [INFO] IPUIPlugin:80 - create IPUIPlugin
2025-04-10 08:55:26,001 [INFO] PluginManager:220 - loadIPPluginJar : add aes
2025-04-10 08:55:26,091 [INFO] IPUIPlugin:80 - create IPUIPlugin
2025-04-10 08:55:26,091 [INFO] PluginManager:220 - loadIPPluginJar : add can
2025-04-10 08:55:26,143 [INFO] IPUIPlugin:80 - create IPUIPlugin
2025-04-10 08:55:26,144 [INFO] PluginManager:220 - loadIPPluginJar : add comp
2025-04-10 08:55:26,210 [INFO] IPUIPlugin:80 - create IPUIPlugin
2025-04-10 08:55:26,211 [INFO] PluginManager:220 - loadIPPluginJar : add cryp
2025-04-10 08:55:26,230 [INFO] IPUIPlugin:80 - create IPUIPlugin
2025-04-10 08:55:26,230 [INFO] PluginManager:220 - loadIPPluginJar : add ddr_ctrl_phy
2025-04-10 08:55:26,285 [INFO] IPUIPlugin:80 - create IPUIPlugin
2025-04-10 08:55:26,285 [INFO] PluginManager:220 - loadIPPluginJar : add dfsdm
2025-04-10 08:55:26,312 [INFO] IPUIPlugin:80 - create IPUIPlugin
2025-04-10 08:55:26,313 [INFO] PluginManager:220 - loadIPPluginJar : add dma
2025-04-10 08:55:26,373 [INFO] IPUIPlugin:80 - create IPUIPlugin
2025-04-10 08:55:26,375 [INFO] PluginManager:220 - loadIPPluginJar : add dma3
2025-04-10 08:55:26,462 [INFO] IPUIPlugin:80 - create IPUIPlugin
2025-04-10 08:55:26,462 [INFO] PluginManager:220 - loadIPPluginJar : add extmemmanager
2025-04-10 08:55:26,515 [INFO] IPUIPlugin:80 - create IPUIPlugin
2025-04-10 08:55:26,516 [INFO] PluginManager:220 - loadIPPluginJar : add fatfs
2025-04-10 08:55:26,611 [INFO] IPUIPlugin:80 - create IPUIPlugin
2025-04-10 08:55:26,611 [INFO] PluginManager:220 - loadIPPluginJar : add fmc
2025-04-10 08:55:26,643 [INFO] IPUIPlugin:80 - create IPUIPlugin
2025-04-10 08:55:26,643 [INFO] PluginManager:220 - loadIPPluginJar : add freertos
2025-04-10 08:55:26,692 [INFO] IPUIPlugin:80 - create IPUIPlugin
2025-04-10 08:55:26,692 [INFO] PluginManager:220 - loadIPPluginJar : add genericplugin
2025-04-10 08:55:26,844 [INFO] IPUIPlugin:80 - create IPUIPlugin
2025-04-10 08:55:26,844 [INFO] PluginManager:220 - loadIPPluginJar : add gfxmmu
2025-04-10 08:55:27,033 [INFO] IPUIPlugin:80 - create IPUIPlugin
2025-04-10 08:55:27,035 [INFO] PluginManager:220 - loadIPPluginJar : add gic
2025-04-10 08:55:27,058 [INFO] IPUIPlugin:80 - create IPUIPlugin
2025-04-10 08:55:27,058 [INFO] PluginManager:220 - loadIPPluginJar : add gpio
2025-04-10 08:55:27,206 [INFO] IPUIPlugin:80 - create IPUIPlugin
2025-04-10 08:55:27,207 [INFO] PluginManager:220 - loadIPPluginJar : add gtzc
2025-04-10 08:55:27,296 [INFO] IPUIPlugin:80 - create IPUIPlugin
2025-04-10 08:55:27,297 [INFO] PluginManager:220 - loadIPPluginJar : add hash
2025-04-10 08:55:27,392 [INFO] IPUIPlugin:80 - create IPUIPlugin
2025-04-10 08:55:27,393 [INFO] PluginManager:220 - loadIPPluginJar : add i2c
2025-04-10 08:55:27,452 [INFO] IPUIPlugin:80 - create IPUIPlugin
2025-04-10 08:55:27,452 [INFO] PluginManager:220 - loadIPPluginJar : add i2s
2025-04-10 08:55:27,515 [INFO] IPUIPlugin:80 - create IPUIPlugin
2025-04-10 08:55:27,516 [INFO] PluginManager:220 - loadIPPluginJar : add i3c
2025-04-10 08:55:27,716 [INFO] IPUIPlugin:80 - create IPUIPlugin
2025-04-10 08:55:27,716 [INFO] PluginManager:220 - loadIPPluginJar : add ipddr
2025-04-10 08:55:27,862 [INFO] IPUIPlugin:80 - create IPUIPlugin
2025-04-10 08:55:27,863 [INFO] PluginManager:220 - loadIPPluginJar : add linkedlist
2025-04-10 08:55:27,918 [INFO] IPUIPlugin:80 - create IPUIPlugin
2025-04-10 08:55:27,918 [INFO] PluginManager:220 - loadIPPluginJar : add lorawan
2025-04-10 08:55:27,971 [INFO] IPUIPlugin:80 - create IPUIPlugin
2025-04-10 08:55:27,972 [INFO] PluginManager:220 - loadIPPluginJar : add ltdc
2025-04-10 08:55:27,981 [INFO] ThirdPartyUpdaterWithRetryManager:70 - Updater plugin not ready yet. [2/15]
2025-04-10 08:55:28,004 [INFO] IPUIPlugin:80 - create IPUIPlugin
2025-04-10 08:55:28,004 [INFO] PluginManager:220 - loadIPPluginJar : add mdma
2025-04-10 08:55:28,033 [INFO] IPUIPlugin:80 - create IPUIPlugin
2025-04-10 08:55:28,033 [INFO] PluginManager:220 - loadIPPluginJar : add nvic
2025-04-10 08:55:28,087 [INFO] IPUIPlugin:80 - create IPUIPlugin
2025-04-10 08:55:28,087 [INFO] PluginManager:220 - loadIPPluginJar : add opamp
2025-04-10 08:55:28,176 [INFO] IPUIPlugin:80 - create IPUIPlugin
2025-04-10 08:55:28,176 [INFO] PluginManager:220 - loadIPPluginJar : add openamp
2025-04-10 08:55:28,259 [INFO] IPUIPlugin:80 - create IPUIPlugin
2025-04-10 08:55:28,259 [INFO] PluginManager:220 - loadIPPluginJar : add pdm2pcm
2025-04-10 08:55:28,286 [INFO] IPUIPlugin:80 - create IPUIPlugin
2025-04-10 08:55:28,290 [INFO] PluginManager:220 - loadIPPluginJar : add plateformsettings
2025-04-10 08:55:28,338 [INFO] IPUIPlugin:80 - create IPUIPlugin
2025-04-10 08:55:28,338 [INFO] PluginManager:220 - loadIPPluginJar : add quadspi
2025-04-10 08:55:28,400 [INFO] IPUIPlugin:80 - create IPUIPlugin
2025-04-10 08:55:28,401 [INFO] PluginManager:220 - loadIPPluginJar : add radio
2025-04-10 08:55:28,435 [INFO] IPUIPlugin:80 - create IPUIPlugin
2025-04-10 08:55:28,435 [INFO] PluginManager:220 - loadIPPluginJar : add resmgrutility
2025-04-10 08:55:28,516 [INFO] IPUIPlugin:80 - create IPUIPlugin
2025-04-10 08:55:28,516 [INFO] PluginManager:220 - loadIPPluginJar : add sai
2025-04-10 08:55:28,571 [INFO] IPUIPlugin:80 - create IPUIPlugin
2025-04-10 08:55:28,571 [INFO] PluginManager:220 - loadIPPluginJar : add spi
2025-04-10 08:55:28,711 [INFO] IPUIPlugin:80 - create IPUIPlugin
2025-04-10 08:55:28,712 [INFO] PluginManager:220 - loadIPPluginJar : add stm32_wpan
2025-04-10 08:55:28,765 [INFO] IPUIPlugin:80 - create IPUIPlugin
2025-04-10 08:55:28,765 [INFO] PluginManager:220 - loadIPPluginJar : add tim
2025-04-10 08:55:28,857 [INFO] IPUIPlugin:80 - create IPUIPlugin
2025-04-10 08:55:28,857 [INFO] PluginManager:220 - loadIPPluginJar : add touchsensing
2025-04-10 08:55:28,894 [INFO] IPUIPlugin:80 - create IPUIPlugin
2025-04-10 08:55:28,894 [INFO] PluginManager:220 - loadIPPluginJar : add tracer_emb
2025-04-10 08:55:28,930 [INFO] IPUIPlugin:80 - create IPUIPlugin
2025-04-10 08:55:28,930 [INFO] PluginManager:220 - loadIPPluginJar : add ts
2025-04-10 08:55:28,967 [INFO] IPUIPlugin:80 - create IPUIPlugin
2025-04-10 08:55:28,967 [INFO] PluginManager:220 - loadIPPluginJar : add tsc
2025-04-10 08:55:29,002 [INFO] IPUIPlugin:80 - create IPUIPlugin
2025-04-10 08:55:29,002 [INFO] PluginManager:220 - loadIPPluginJar : add ucpd
2025-04-10 08:55:29,080 [INFO] IPUIPlugin:80 - create IPUIPlugin
2025-04-10 08:55:29,080 [INFO] PluginManager:220 - loadIPPluginJar : add usart
2025-04-10 08:55:29,160 [INFO] IPUIPlugin:80 - create IPUIPlugin
2025-04-10 08:55:29,160 [INFO] PluginManager:220 - loadIPPluginJar : add usbx
2025-04-10 08:55:29,309 [FATAL] Updater:351 - Updater called before beeing initialized
2025-04-10 08:55:29,372 [INFO] RulesReader:64 - Compatibility file has been processed (297 Rules)
2025-04-10 08:55:29,388 [INFO] RulesReader:64 - Compatibility file has been processed (297 Rules)
2025-04-10 08:55:29,402 [INFO] CADModel:165 - CPN selected for project level
2025-04-10 08:55:29,402 [INFO] CADModel:114 - Register for checkConnection events
2025-04-10 08:55:29,402 [FATAL] Updater:351 - Updater called before beeing initialized
2025-04-10 08:55:29,402 [ERROR] CADModel:125 - Updater not yet initialized, retry later 
2025-04-10 08:55:29,620 [FATAL] Updater:351 - Updater called before beeing initialized
2025-04-10 08:55:29,627 [INFO] CADModel:165 - CPN selected for project level
2025-04-10 08:55:29,627 [INFO] CADModel:114 - Register for checkConnection events
2025-04-10 08:55:29,628 [FATAL] Updater:351 - Updater called before beeing initialized
2025-04-10 08:55:29,628 [ERROR] CADModel:125 - Updater not yet initialized, retry later 
2025-04-10 08:55:29,633 [FATAL] Updater:351 - Updater called before beeing initialized
2025-04-10 08:55:29,871 [FATAL] Updater:351 - Updater called before beeing initialized
2025-04-10 08:55:29,888 [INFO] DbMcusAds:53 - JSON generation date=Thu Mar 06 15:54:21 GMT+01:00 2025 (1741272861825)
2025-04-10 08:55:29,888 [FATAL] Updater:351 - Updater called before beeing initialized
2025-04-10 08:55:29,977 [WARN] DetailPanel:346 - Failed to get advertising image, set to default
2025-04-10 08:55:30,341 [FATAL] Updater:351 - Updater called before beeing initialized
2025-04-10 08:55:30,344 [FATAL] Updater:351 - Updater called before beeing initialized
2025-04-10 08:55:30,344 [FATAL] Updater:351 - Updater called before beeing initialized
2025-04-10 08:55:30,345 [WARN] DetailPanel:346 - Failed to get advertising image, set to default
2025-04-10 08:55:30,346 [FATAL] Updater:351 - Updater called before beeing initialized
2025-04-10 08:55:30,429 [ERROR] Updater:1198 - MainUpdater not yet initialized. External WinMGr cannot be set.
2025-04-10 08:55:30,442 [INFO] Updater:1134 - Updater Version found : 6.13.0
2025-04-10 08:55:30,467 [INFO] ApplicationProperties:184 - Using Application install path: C:\ST\STM32CubeIDE_1.17.0\STM32CubeIDE\plugins\com.st.stm32cube.common.mx_6.13.0.202411220809
2025-04-10 08:55:30,983 [INFO] ThirdPartyUpdaterWithRetryManager:70 - Updater plugin not ready yet. [3/15]
2025-04-10 08:55:31,099 [INFO] MainUpdater:2872 - connection check result : 10
2025-04-10 08:55:31,100 [INFO] MainUpdater:3566 - Updater definition file requires update
2025-04-10 08:55:31,101 [INFO] MainUpdater:289 - Updater Check For Update Now.
2025-04-10 08:55:31,101 [INFO] MicroXplorer:498 - Change Database Version : DB.6.0.130
2025-04-10 08:55:31,128 [INFO] McuFinderGlobals:63 - Set McuFinder mode to 2 (CubeIDE integrated)
2025-04-10 08:55:31,138 [INFO] UserAuth:486 - Internet connection configuration mode: 1
2025-04-10 08:55:31,170 [INFO] ServerAccessManage:473 - Download File updaters.zip
2025-04-10 08:55:31,193 [INFO] JxBrowserEngine:152 - Initiate JxBrowser Engine with user profile folder
2025-04-10 08:55:31,309 [INFO] FileExtend:240 - Unzip File : updaters.zip
2025-04-10 08:55:31,310 [INFO] FileExtend:255 - Standard Zip Deflate
2025-04-10 08:55:32,587 [INFO] ServerAccessManage:473 - Download File PacksControlFlags.xml
2025-04-10 08:55:32,817 [INFO] ServerAccessManage:473 - Download File cubemx.pidx
2025-04-10 08:55:33,207 [INFO] LoadServerUpdatesThread:375 - End of LoadServerUpdate Thread
2025-04-10 08:55:33,452 [INFO] CheckServerUpdateThread:120 - End of CheckServer Thread
2025-04-10 08:55:34,650 [INFO] WebApp:168 - Instantiating new browser for Auth
2025-04-10 08:55:34,656 [WARN] PackLoader:240 - Cannot read IP mode file for STMicroelectronics.FP-SNS-MOTENVWB1.1.4.0
2025-04-10 08:55:34,688 [WARN] PackLoader:240 - Cannot read IP mode file for STMicroelectronics.FP-ATR-ASTRA1.2.0.2
2025-04-10 08:55:34,722 [WARN] PackLoader:240 - Cannot read IP mode file for STMicroelectronics.FP-ATR-ASTRA1.2.0.1
2025-04-10 08:55:34,751 [WARN] PackLoader:240 - Cannot read IP mode file for STMicroelectronics.X-CUBE-SMBUS.2.1.0
2025-04-10 08:55:34,782 [WARN] PackLoader:240 - Cannot read IP mode file for STMicroelectronics.X-CUBE-WB05N.1.1.0
2025-04-10 08:55:34,868 [WARN] PackLoader:240 - Cannot read IP mode file for STMicroelectronics.X-CUBE-AZRTOS-F7.1.1.0
2025-04-10 08:55:34,902 [WARN] PackLoader:240 - Cannot read IP mode file for STMicroelectronics.FP-SNS-FLIGHT1.5.0.2
2025-04-10 08:55:34,976 [WARN] PackLoader:240 - Cannot read IP mode file for Infineon.AIROC-Wi-Fi-Bluetooth-STM32.1.7.0
2025-04-10 08:55:35,020 [WARN] PackLoader:240 - Cannot read IP mode file for STMicroelectronics.X-CUBE-DISPLAY.3.0.0
2025-04-10 08:55:35,055 [WARN] PackLoader:240 - Cannot read IP mode file for STMicroelectronics.X-CUBE-BLE1.7.0.0
2025-04-10 08:55:35,080 [WARN] PackLoader:240 - Cannot read IP mode file for STMicroelectronics.X-CUBE-NFC10.1.0.0
2025-04-10 08:55:35,115 [WARN] PackLoader:240 - Cannot read IP mode file for STMicroelectronics.X-CUBE-BLEMGR.4.0.0
2025-04-10 08:55:35,143 [WARN] PackLoader:240 - Cannot read IP mode file for emotas.I-CUBE-CANOPEN.1.3.0
2025-04-10 08:55:35,163 [WARN] PackLoader:240 - Cannot read IP mode file for STMicroelectronics.X-CUBE-AI.10.0.0
2025-04-10 08:55:35,185 [WARN] PackLoader:240 - Cannot read IP mode file for STMicroelectronics.FP-SNS-SMARTAG2.1.2.0
2025-04-10 08:55:35,210 [WARN] PackLoader:240 - Cannot read IP mode file for STMicroelectronics.FP-SNS-FLIGHT1.5.1.0
2025-04-10 08:55:35,304 [WARN] PackLoader:240 - Cannot read IP mode file for STMicroelectronics.X-CUBE-MEMS1.11.1.0
2025-04-10 08:55:35,865 [INFO] LogOutputStream:77 - [STDOUT_REDIRECT] 1 : Invalid condition id : UX_CORESTACK_Condition cause : null
2025-04-10 08:55:35,866 [INFO] LogOutputStream:77 - [STDOUT_REDIRECT] 1 : Invalid condition id : UX_CORESTACK_Condition cause : null
2025-04-10 08:55:35,868 [INFO] LogOutputStream:77 - [STDOUT_REDIRECT] 1 : Invalid condition id : UX_CORESTACK_Condition cause : null
2025-04-10 08:55:35,869 [INFO] LogOutputStream:77 - [STDOUT_REDIRECT] 1 : Invalid condition id : UX_CORESTACK_Condition cause : null
2025-04-10 08:55:35,871 [INFO] LogOutputStream:77 - [STDOUT_REDIRECT] 1 : Invalid condition id : UX_CORESTACK_Condition cause : null
2025-04-10 08:55:35,875 [WARN] PackLoader:240 - Cannot read IP mode file for STMicroelectronics.X-CUBE-AZRTOS-WL.2.0.0
2025-04-10 08:55:35,901 [WARN] PackLoader:240 - Cannot read IP mode file for STMicroelectronics.FP-SNS-MOTENV1.5.0.0
2025-04-10 08:55:35,925 [WARN] PackLoader:240 - Cannot read IP mode file for wolfSSL.I-CUBE-wolfMQTT.1.19.0
2025-04-10 08:55:35,954 [WARN] PackLoader:240 - Cannot read IP mode file for WES.I-CUBE-Cesium.1.3.0
2025-04-10 08:55:35,993 [WARN] PackLoader:240 - Cannot read IP mode file for STMicroelectronics.X-CUBE-BLE2.3.3.0
2025-04-10 08:55:36,131 [WARN] PackLoader:240 - Cannot read IP mode file for STMicroelectronics.X-CUBE-NFC9.1.0.0
2025-04-10 08:55:36,185 [WARN] PackLoader:240 - Cannot read IP mode file for STMicroelectronics.X-CUBE-BLE1.7.1.0
2025-04-10 08:55:36,249 [WARN] PackLoader:240 - Cannot read IP mode file for STMicroelectronics.X-CUBE-AZRTOS-G0.1.1.0
2025-04-10 08:55:36,278 [WARN] PackLoader:240 - Cannot read IP mode file for STMicroelectronics.X-CUBE-SAFEA1.1.2.2
2025-04-10 08:55:36,315 [WARN] PackLoader:240 - Cannot read IP mode file for STMicroelectronics.X-CUBE-NFC4.3.0.0
2025-04-10 08:55:36,354 [WARN] PackLoader:240 - Cannot read IP mode file for EmbeddedOffice.I-CUBE-FS-RTOS.1.0.1
2025-04-10 08:55:36,391 [WARN] PackLoader:240 - Cannot read IP mode file for STMicroelectronics.X-CUBE-TCPP.4.2.0
2025-04-10 08:55:36,419 [WARN] PackLoader:240 - Cannot read IP mode file for RealThread.X-CUBE-RT-Thread_Nano.4.1.1
2025-04-10 08:55:36,444 [WARN] PackLoader:240 - Cannot read IP mode file for STMicroelectronics.FP-ATR-SIGFOX1.3.2.0
2025-04-10 08:55:36,444 [INFO] WebApp:449 - Apply proxy settings
2025-04-10 08:55:36,446 [INFO] WebApp:534 - Chromium requires no authentication
2025-04-10 08:55:36,468 [WARN] ConditionMgr:438 - getConditionDescription Invalid condition id : Cortex-A Device cause : null
2025-04-10 08:55:36,474 [INFO] WebApp:477 - Direct internet connection detected
2025-04-10 08:55:36,504 [WARN] ConditionMgr:1044 - genDependencies : Invalid condition id : Cortex-A Device cause : null
2025-04-10 08:55:36,505 [WARN] ConditionMgr:1044 - genDependencies : Invalid condition id : Cortex-A Device cause : null
2025-04-10 08:55:36,506 [WARN] ConditionMgr:1044 - genDependencies : Invalid condition id : Cortex-A Device cause : null
2025-04-10 08:55:36,537 [WARN] PackLoader:240 - Cannot read IP mode file for STMicroelectronics.X-CUBE-EEPRMA1.5.1.0
2025-04-10 08:55:36,550 [INFO] WebApp:880 - Register for checkConnection events
2025-04-10 08:55:36,550 [INFO] WebApp:449 - Apply proxy settings
2025-04-10 08:55:36,551 [INFO] WebApp:534 - Chromium requires no authentication
2025-04-10 08:55:36,553 [INFO] WebApp:477 - Direct internet connection detected
2025-04-10 08:55:36,563 [WARN] PackLoader:240 - Cannot read IP mode file for wolfSSL.I-CUBE-wolfSSL.5.7.6
2025-04-10 08:55:36,591 [WARN] PackLoader:240 - Cannot read IP mode file for ITTIA_DB.I-CUBE-ITTIADB.8.9.0
2025-04-10 08:55:36,641 [WARN] PackLoader:240 - Cannot read IP mode file for SEGGER.I-CUBE-embOS.1.3.1
2025-04-10 08:55:36,723 [WARN] PackLoader:240 - Cannot read IP mode file for STMicroelectronics.X-CUBE-ALGOBUILD.1.4.0
2025-04-10 08:55:36,781 [WARN] PackLoader:240 - Cannot read IP mode file for STMicroelectronics.X-CUBE-AZRTOS-F4.1.1.0
2025-04-10 08:55:36,793 [INFO] WebApp:187 - Connection restablished
2025-04-10 08:55:36,822 [WARN] PackLoader:240 - Cannot read IP mode file for STMicroelectronics.X-CUBE-ISPU.2.1.0
2025-04-10 08:55:36,871 [WARN] PackLoader:240 - Cannot read IP mode file for STMicroelectronics.X-CUBE-AZRTOS-L5.2.0.0
2025-04-10 08:55:36,906 [WARN] PackLoader:240 - Cannot read IP mode file for STMicroelectronics.X-CUBE-NFC6.3.1.0
2025-04-10 08:55:36,956 [WARN] PackLoader:240 - Cannot read IP mode file for STMicroelectronics.X-CUBE-DPower.1.2.0
2025-04-10 08:55:36,988 [WARN] PackLoader:240 - Cannot read IP mode file for STMicroelectronics.X-CUBE-FREERTOS.1.3.0
2025-04-10 08:55:37,019 [WARN] PackLoader:240 - Cannot read IP mode file for STMicroelectronics.X-CUBE-NFC7.1.0.1
2025-04-10 08:55:37,046 [WARN] PackLoader:240 - Cannot read IP mode file for STMicroelectronics.X-CUBE-DPower.1.3.0
2025-04-10 08:55:37,097 [WARN] ConditionMgr:438 - getConditionDescription Invalid condition id : LAN8742 Phy interface Condition cause : null
2025-04-10 08:55:37,098 [WARN] PackLoader:240 - Cannot read IP mode file for STMicroelectronics.X-CUBE-AZRTOS-L4.2.0.0
2025-04-10 08:55:37,100 [WARN] ConditionMgr:1044 - genDependencies : Invalid condition id : LAN8742 Phy interface Condition cause : null
2025-04-10 08:55:37,101 [WARN] ConditionMgr:1044 - genDependencies : Invalid condition id : LAN8742 Phy interface Condition cause : null
2025-04-10 08:55:37,102 [WARN] ConditionMgr:1044 - genDependencies : Invalid condition id : LAN8742 Phy interface Condition cause : null
2025-04-10 08:55:37,133 [WARN] PackLoader:240 - Cannot read IP mode file for STMicroelectronics.X-CUBE-SFXS2LP1.4.0.0
2025-04-10 08:55:37,187 [WARN] PackLoader:240 - Cannot read IP mode file for STMicroelectronics.X-CUBE-AZRTOS-H7.3.3.0
2025-04-10 08:55:37,233 [WARN] ConditionMgr:438 - getConditionDescription Invalid condition id : UX DEVICE CLASS RTOS Condition cause : null
2025-04-10 08:55:37,234 [WARN] ConditionMgr:438 - getConditionDescription Invalid condition id : UX DEVICE CLASS RTOS Condition cause : null
2025-04-10 08:55:37,237 [WARN] PackLoader:240 - Cannot read IP mode file for STMicroelectronics.X-CUBE-AZRTOS-WB.2.0.0
2025-04-10 08:55:37,238 [WARN] ConditionMgr:1044 - genDependencies : Invalid condition id : UX DEVICE CLASS RTOS Condition cause : null
2025-04-10 08:55:37,238 [WARN] ConditionMgr:1044 - genDependencies : Invalid condition id : UX DEVICE CLASS RTOS Condition cause : null
2025-04-10 08:55:37,239 [WARN] ConditionMgr:1044 - genDependencies : Invalid condition id : UX DEVICE CLASS RTOS Condition cause : null
2025-04-10 08:55:37,240 [WARN] ConditionMgr:1044 - genDependencies : Invalid condition id : UX DEVICE CLASS RTOS Condition cause : null
2025-04-10 08:55:37,240 [WARN] ConditionMgr:1044 - genDependencies : Invalid condition id : UX DEVICE CLASS RTOS Condition cause : null
2025-04-10 08:55:37,277 [WARN] PackLoader:240 - Cannot read IP mode file for STMicroelectronics.X-CUBE-GNSS1.7.0.1
2025-04-10 08:55:37,313 [WARN] PackLoader:240 - Cannot read IP mode file for STMicroelectronics.X-CUBE-TOUCHGFX.4.25.0
2025-04-10 08:55:37,351 [WARN] PackLoader:240 - Cannot read IP mode file for STMicroelectronics.FP-SNS-STBOX1.2.0.0
2025-04-10 08:55:37,389 [WARN] PackLoader:240 - Cannot read IP mode file for STMicroelectronics.X-CUBE-SUBG2.5.0.0
2025-04-10 08:55:37,456 [WARN] PackLoader:240 - Cannot read IP mode file for STMicroelectronics.X-CUBE-AZRTOS-H7RS.1.1.0
2025-04-10 08:55:37,458 [INFO] WebApp:221 - Starting web application
2025-04-10 08:55:37,459 [INFO] WebApp:579 - Web application path used C:\ST\STM32CubeIDE_1.17.0\STM32CubeIDE\plugins\com.st.stm32cube.common.mx_6.13.0.202411220809\db\plugins\mcufinder\reactClient1\index.html
2025-04-10 08:55:37,497 [WARN] PackLoader:240 - Cannot read IP mode file for Cesanta.I-CUBE-Mongoose.7.13.0
2025-04-10 08:55:37,542 [WARN] PackLoader:240 - Cannot read IP mode file for STMicroelectronics.X-CUBE-AZRTOS-G4.2.0.0
2025-04-10 08:55:37,583 [WARN] PackLoader:240 - Cannot read IP mode file for STMicroelectronics.X-CUBE-IPS.3.1.0
2025-04-10 08:55:37,617 [WARN] PackLoader:240 - Cannot read IP mode file for STMicroelectronics.X-CUBE-ALS.1.0.2
2025-04-10 08:55:37,646 [WARN] PackLoader:240 - Cannot read IP mode file for STMicroelectronics.X-CUBE-TOUCHGFX.4.24.2
2025-04-10 08:55:37,670 [WARN] PackLoader:240 - Cannot read IP mode file for wolfSSL.I-CUBE-wolfTPM.3.4.0
2025-04-10 08:55:37,697 [WARN] PackLoader:240 - Cannot read IP mode file for portGmbH.I-Cube-SoM-uGOAL.1.1.0
2025-04-10 08:55:37,743 [WARN] PackLoader:240 - Cannot read IP mode file for STMicroelectronics.X-CUBE-AZRTOS-H7RS.1.0.0
2025-04-10 08:55:37,778 [WARN] PackLoader:240 - Cannot read IP mode file for STMicroelectronics.X-CUBE-TOF1.3.4.2
2025-04-10 08:55:37,808 [WARN] PackLoader:240 - Cannot read IP mode file for wolfSSL.I-CUBE-wolfSSH.1.4.17
2025-04-10 08:55:37,808 [INFO] ThirdParty:978 - Integrity check success = true
2025-04-10 08:55:37,809 [INFO] IntegrityCheckThread:100 - exiting critical section [integrity check]
2025-04-10 08:55:37,809 [INFO] IntegrityCheckThread:103 - End integrity checks thread
2025-04-10 08:55:37,845 [INFO] UserAuth:486 - Internet connection configuration mode: 1
2025-04-10 10:47:08,411 [INFO] WebApp:190 - Connection lost
2025-04-10 10:47:09,212 [INFO] WebApp:187 - Connection restablished
2025-04-10 10:47:12,160 [INFO] WebApp:190 - Connection lost
2025-04-10 10:47:12,310 [INFO] WebApp:187 - Connection restablished
2025-04-10 10:47:15,261 [INFO] WebApp:190 - Connection lost
2025-04-10 10:47:15,396 [INFO] WebApp:187 - Connection restablished
2025-04-10 10:49:01,655 [INFO] WebApp:190 - Connection lost
2025-04-10 10:49:01,828 [INFO] WebApp:187 - Connection restablished
2025-04-10 11:50:46,291 [INFO] WebApp:190 - Connection lost
2025-04-10 11:50:46,632 [INFO] WebApp:187 - Connection restablished
2025-04-10 16:22:04,997 [INFO] WebApp:190 - Connection lost
2025-04-10 16:22:05,164 [INFO] WebApp:187 - Connection restablished
2025-04-10 17:06:29,724 [INFO] WebApp:190 - Connection lost
2025-04-10 17:06:29,896 [INFO] WebApp:187 - Connection restablished
2025-04-10 17:10:45,329 [ERROR] LogOutputStream:75 - [STDERR_REDIRECT] 
