2025-05-11 18:00:06,803 [INFO] Activator:176 - 


2025-05-11 18:00:06,809 [INFO] Activator:177 - !SESSION log4j initialized
2025-05-11 18:00:15,320 [INFO] LogOutputStream:77 - [STDOUT_REDIRECT] 
2025-05-11 18:00:20,335 [INFO] ApplicationProperties:184 - Using Application install path: C:\ST\STM32CubeIDE_1.17.0\STM32CubeIDE\plugins\com.st.stm32cube.common.mx_6.13.0.202411220809
2025-05-11 18:00:20,356 [INFO] DbMcusXml:78 - Set database path to: C:\ST\STM32CubeIDE_1.17.0\STM32CubeIDE\plugins\com.st.stm32cube.common.mx_6.13.0.202411220809\\db\/mcu/
2025-05-11 18:00:20,356 [INFO] ApiDb:274 - Set plugin database path to: C:\ST\STM32CubeIDE_1.17.0\STM32CubeIDE\plugins\com.st.stm32cube.common.mx_6.13.0.202411220809\\db\/plugins/boardmanager/
2025-05-11 18:00:20,357 [WARN] ApiDb:259 - Overriding images path with different value:  => C:\ST\STM32CubeIDE_1.17.0\STM32CubeIDE\plugins\com.st.stm32cube.common.mx_6.13.0.202411220809\\db\/plugins/mcufinder/images/
2025-05-11 18:00:20,378 [INFO] ApiDb:250 - Set database path to: C:\Users\thepd\.stmcufinder\plugins\mcufinder//mcu/
2025-05-11 18:00:20,381 [INFO] DbMcusAds:125 - Set database path to: C:\Users\thepd\.stmcufinder\plugins\mcufinder//mcu/
2025-05-11 18:00:20,385 [INFO] CrossReferenceDbSqlite:203 - Set database path to: C:\Users\thepd\.stmcufinder\plugins\mcufinder//mcu/cs/
2025-05-11 18:00:20,546 [INFO] RulesReader:64 - Compatibility file has been processed (297 Rules)
2025-05-11 18:00:20,668 [INFO] DbMcusXml:78 - Set database path to: C:\ST\STM32CubeIDE_1.17.0\STM32CubeIDE\plugins\com.st.stm32cube.common.mx_6.13.0.202411220809\\db\/mcu/
2025-05-11 18:00:20,668 [INFO] ApiDb:274 - Set plugin database path to: C:\ST\STM32CubeIDE_1.17.0\STM32CubeIDE\plugins\com.st.stm32cube.common.mx_6.13.0.202411220809\\db\/plugins/boardmanager/
2025-05-11 18:00:20,669 [INFO] ApiDb:261 - Set plugin images path to: C:\ST\STM32CubeIDE_1.17.0\STM32CubeIDE\plugins\com.st.stm32cube.common.mx_6.13.0.202411220809\\db\/plugins/mcufinder/images/
2025-05-11 18:00:20,669 [WARN] DbFile:41 - Overriding database path with different value: C:\Users\thepd\.stmcufinder\plugins\mcufinder/ => C:\Users\thepd\.stmcufinder\plugins\mcufinder
2025-05-11 18:00:20,669 [INFO] ApiDb:250 - Set database path to: C:\Users\thepd\.stmcufinder\plugins\mcufinder//mcu/
2025-05-11 18:00:20,669 [WARN] DbFile:41 - Overriding database path with different value: C:\Users\thepd\.stmcufinder\plugins\mcufinder/ => C:\Users\thepd\.stmcufinder\plugins\mcufinder
2025-05-11 18:00:20,669 [INFO] DbMcusAds:125 - Set database path to: C:\Users\thepd\.stmcufinder\plugins\mcufinder//mcu/
2025-05-11 18:00:20,669 [WARN] DbFile:41 - Overriding database path with different value: C:\Users\thepd\.stmcufinder\plugins\mcufinder/ => C:\Users\thepd\.stmcufinder\plugins\mcufinder
2025-05-11 18:00:20,669 [WARN] DbFile:41 - Overriding database path with different value: C:\Users\thepd\.stmcufinder\plugins\mcufinder/ => C:\Users\thepd\.stmcufinder\plugins\mcufinder
2025-05-11 18:00:20,670 [INFO] CrossReferenceDbSqlite:203 - Set database path to: C:\Users\thepd\.stmcufinder\plugins\mcufinder//mcu/cs/
2025-05-11 18:00:20,780 [INFO] MainPanel:272 - HeapMemory: 268435456
2025-05-11 18:00:20,992 [INFO] DbMcusXml:78 - Set database path to: C:\ST\STM32CubeIDE_1.17.0\STM32CubeIDE\plugins\com.st.stm32cube.common.mx_6.13.0.202411220809\\db\/mcu/
2025-05-11 18:00:20,992 [INFO] ApiDb:274 - Set plugin database path to: C:\ST\STM32CubeIDE_1.17.0\STM32CubeIDE\plugins\com.st.stm32cube.common.mx_6.13.0.202411220809\\db\/plugins/boardmanager/
2025-05-11 18:00:20,992 [INFO] ApiDb:261 - Set plugin images path to: C:\ST\STM32CubeIDE_1.17.0\STM32CubeIDE\plugins\com.st.stm32cube.common.mx_6.13.0.202411220809\\db\/plugins/mcufinder/images/
2025-05-11 18:00:20,993 [WARN] DbFile:41 - Overriding database path with different value: C:\Users\thepd\.stmcufinder\plugins\mcufinder/ => C:\Users\thepd\.stmcufinder\plugins\mcufinder
2025-05-11 18:00:20,993 [INFO] ApiDb:250 - Set database path to: C:\Users\thepd\.stmcufinder\plugins\mcufinder//mcu/
2025-05-11 18:00:20,993 [WARN] DbFile:41 - Overriding database path with different value: C:\Users\thepd\.stmcufinder\plugins\mcufinder/ => C:\Users\thepd\.stmcufinder\plugins\mcufinder
2025-05-11 18:00:20,993 [INFO] DbMcusAds:125 - Set database path to: C:\Users\thepd\.stmcufinder\plugins\mcufinder//mcu/
2025-05-11 18:00:20,993 [WARN] DbFile:41 - Overriding database path with different value: C:\Users\thepd\.stmcufinder\plugins\mcufinder/ => C:\Users\thepd\.stmcufinder\plugins\mcufinder
2025-05-11 18:00:20,994 [WARN] DbFile:41 - Overriding database path with different value: C:\Users\thepd\.stmcufinder\plugins\mcufinder/ => C:\Users\thepd\.stmcufinder\plugins\mcufinder
2025-05-11 18:00:20,994 [INFO] CrossReferenceDbSqlite:203 - Set database path to: C:\Users\thepd\.stmcufinder\plugins\mcufinder//mcu/cs/
2025-05-11 18:00:21,017 [INFO] ApplicationProperties:184 - Using Application install path: C:\ST\STM32CubeIDE_1.17.0\STM32CubeIDE\plugins\com.st.stm32cube.common.mx_6.13.0.202411220809
2025-05-11 18:00:21,019 [INFO] PluginManage:196 - Search for loadable plugins [exclusion list=, ]
2025-05-11 18:00:21,021 [INFO] PluginManage:310 - Check plugin analytics
2025-05-11 18:00:21,408 [INFO] AnalyticsPlugin:253 - Accepted Software Licenses: STM32CubeMX.6.4.0,STM32CubeMX.6.14.0
2025-05-11 18:00:21,409 [INFO] AnalyticsPlugin:255 - Accepted CMSIS Pack Licenses: 
2025-05-11 18:00:21,409 [INFO] AnalyticsPlugin:257 - Accepted Firmware Licenses: FW.G4.1.6.0,FW.G4.1.5.0,FW.F4.1.28.0
2025-05-11 18:00:21,413 [INFO] PluginManage:359 - Loaded plugin analytics (category:tool,tabindex:-1)
2025-05-11 18:00:21,413 [INFO] PluginManage:310 - Check plugin cadmodel
2025-05-11 18:00:21,442 [INFO] CADModel:105 - Init CAD model plugin
2025-05-11 18:00:21,442 [INFO] PluginManage:359 - Loaded plugin cadmodel (category:power,tabindex:5)
2025-05-11 18:00:21,442 [INFO] PluginManage:310 - Check plugin clock
2025-05-11 18:00:21,475 [INFO] PluginManage:359 - Loaded plugin clock (category:base,tabindex:2)
2025-05-11 18:00:21,476 [INFO] PluginManage:310 - Check plugin ddr
2025-05-11 18:00:21,480 [INFO] PluginManage:359 - Loaded plugin ddr (category:tool,tabindex:6)
2025-05-11 18:00:21,481 [INFO] PluginManage:310 - Check plugin filemanager
2025-05-11 18:00:21,681 [INFO] PluginManage:359 - Loaded plugin filemanager (category:base,tabindex:10)
2025-05-11 18:00:21,681 [INFO] PluginManage:310 - Check plugin ipmanager
2025-05-11 18:00:21,690 [INFO] PluginManage:359 - Loaded plugin ipmanager (category:base,tabindex:5)
2025-05-11 18:00:21,690 [INFO] PluginManage:310 - Check plugin lpbam
2025-05-11 18:00:21,713 [INFO] PluginManage:359 - Loaded plugin lpbam (category:base,tabindex:0)
2025-05-11 18:00:21,713 [INFO] PluginManage:310 - Check plugin memorymap
2025-05-11 18:00:21,743 [INFO] PluginManage:359 - Loaded plugin memorymap (category:base,tabindex:4)
2025-05-11 18:00:21,743 [INFO] PluginManage:310 - Check plugin pinoutandconfiguration
2025-05-11 18:00:21,769 [INFO] PluginManage:359 - Loaded plugin pinoutandconfiguration (category:base,tabindex:1)
2025-05-11 18:00:21,769 [INFO] PluginManage:310 - Check plugin pinoutconfig
2025-05-11 18:00:21,900 [WARN] SupportedApi:132 - Cannot load RTOS API schema: s4s-elt-must-match.1: The content of 'definitions' must match (annotation?, (simpleType | complexType)?, (unique | key | keyref)*)). A problem was found starting at: attribute.
2025-05-11 18:00:22,095 [INFO] PluginManage:359 - Loaded plugin pinoutconfig (category:base,tabindex:0)
2025-05-11 18:00:22,095 [INFO] PluginManage:310 - Check plugin power
2025-05-11 18:00:22,122 [INFO] PluginManage:359 - Loaded plugin power (category:power,tabindex:4)
2025-05-11 18:00:22,122 [INFO] PluginManage:310 - Check plugin projectmanager
2025-05-11 18:00:22,147 [INFO] PluginManage:359 - Loaded plugin projectmanager (category:projectmanager,tabindex:4)
2025-05-11 18:00:22,147 [INFO] PluginManage:310 - Check plugin rif
2025-05-11 18:00:22,178 [INFO] PluginManage:359 - Loaded plugin rif (category:base,tabindex:3)
2025-05-11 18:00:22,178 [INFO] PluginManage:310 - Check plugin thirdparty
2025-05-11 18:00:22,597 [INFO] PluginManage:359 - Loaded plugin thirdparty (category:base,tabindex:-1)
2025-05-11 18:00:22,597 [WARN] IntegrityCheckThread:84 - waiting for thirdparty lock release [integrity check]
2025-05-11 18:00:22,597 [INFO] IntegrityCheckThread:86 - entering critical section [integrity check]
2025-05-11 18:00:22,597 [INFO] PluginManage:310 - Check plugin tools
2025-05-11 18:00:22,597 [INFO] ThirdPartyUpdaterWithRetryManager:70 - Updater plugin not ready yet. [1/15]
2025-05-11 18:00:22,650 [INFO] PluginManage:359 - Loaded plugin tools (category:base,tabindex:7)
2025-05-11 18:00:22,650 [INFO] PluginManage:310 - Check plugin tutovideos
2025-05-11 18:00:22,912 [INFO] PluginManage:359 - Loaded plugin tutovideos (category:base,tabindex:-1)
2025-05-11 18:00:22,912 [INFO] PluginManage:310 - Check plugin updater
2025-05-11 18:00:22,941 [INFO] PluginManage:359 - Loaded plugin updater (category:base,tabindex:12)
2025-05-11 18:00:22,941 [INFO] PluginManage:310 - Check plugin userauth
2025-05-11 18:00:22,947 [INFO] UserAuth:118 - Init User Auth plugin
2025-05-11 18:00:22,948 [INFO] PluginManage:359 - Loaded plugin userauth (category:base,tabindex:14)
2025-05-11 18:00:22,949 [INFO] PluginManage:283 - PluginManage : Loaded plugins [18]
2025-05-11 18:00:23,226 [INFO] PinOutPanel:1589 - setPackage(No Configuration,No Configuration)
2025-05-11 18:00:23,349 [INFO] CADModel:165 - CPN selected for project level
2025-05-11 18:00:23,349 [INFO] CADModel:114 - Register for checkConnection events
2025-05-11 18:00:23,384 [INFO] IPUIPlugin:80 - create IPUIPlugin
2025-05-11 18:00:23,385 [INFO] PluginManager:220 - loadIPPluginJar : add adc
2025-05-11 18:00:23,441 [INFO] IPUIPlugin:80 - create IPUIPlugin
2025-05-11 18:00:23,442 [INFO] PluginManager:220 - loadIPPluginJar : add aes
2025-05-11 18:00:23,512 [INFO] IPUIPlugin:80 - create IPUIPlugin
2025-05-11 18:00:23,512 [INFO] PluginManager:220 - loadIPPluginJar : add can
2025-05-11 18:00:23,549 [INFO] IPUIPlugin:80 - create IPUIPlugin
2025-05-11 18:00:23,550 [INFO] PluginManager:220 - loadIPPluginJar : add comp
2025-05-11 18:00:23,600 [INFO] IPUIPlugin:80 - create IPUIPlugin
2025-05-11 18:00:23,600 [INFO] PluginManager:220 - loadIPPluginJar : add cryp
2025-05-11 18:00:23,618 [INFO] IPUIPlugin:80 - create IPUIPlugin
2025-05-11 18:00:23,618 [INFO] PluginManager:220 - loadIPPluginJar : add ddr_ctrl_phy
2025-05-11 18:00:23,665 [INFO] IPUIPlugin:80 - create IPUIPlugin
2025-05-11 18:00:23,665 [INFO] PluginManager:220 - loadIPPluginJar : add dfsdm
2025-05-11 18:00:23,688 [INFO] IPUIPlugin:80 - create IPUIPlugin
2025-05-11 18:00:23,689 [INFO] PluginManager:220 - loadIPPluginJar : add dma
2025-05-11 18:00:23,747 [INFO] IPUIPlugin:80 - create IPUIPlugin
2025-05-11 18:00:23,747 [INFO] PluginManager:220 - loadIPPluginJar : add dma3
2025-05-11 18:00:23,827 [INFO] IPUIPlugin:80 - create IPUIPlugin
2025-05-11 18:00:23,827 [INFO] PluginManager:220 - loadIPPluginJar : add extmemmanager
2025-05-11 18:00:23,876 [INFO] IPUIPlugin:80 - create IPUIPlugin
2025-05-11 18:00:23,876 [INFO] PluginManager:220 - loadIPPluginJar : add fatfs
2025-05-11 18:00:23,942 [INFO] IPUIPlugin:80 - create IPUIPlugin
2025-05-11 18:00:23,942 [INFO] PluginManager:220 - loadIPPluginJar : add fmc
2025-05-11 18:00:23,964 [INFO] IPUIPlugin:80 - create IPUIPlugin
2025-05-11 18:00:23,964 [INFO] PluginManager:220 - loadIPPluginJar : add freertos
2025-05-11 18:00:24,007 [INFO] IPUIPlugin:80 - create IPUIPlugin
2025-05-11 18:00:24,008 [INFO] PluginManager:220 - loadIPPluginJar : add genericplugin
2025-05-11 18:00:24,154 [INFO] IPUIPlugin:80 - create IPUIPlugin
2025-05-11 18:00:24,155 [INFO] PluginManager:220 - loadIPPluginJar : add gfxmmu
2025-05-11 18:00:24,379 [INFO] IPUIPlugin:80 - create IPUIPlugin
2025-05-11 18:00:24,380 [INFO] PluginManager:220 - loadIPPluginJar : add gic
2025-05-11 18:00:24,412 [INFO] IPUIPlugin:80 - create IPUIPlugin
2025-05-11 18:00:24,412 [INFO] PluginManager:220 - loadIPPluginJar : add gpio
2025-05-11 18:00:24,557 [INFO] IPUIPlugin:80 - create IPUIPlugin
2025-05-11 18:00:24,558 [INFO] PluginManager:220 - loadIPPluginJar : add gtzc
2025-05-11 18:00:24,627 [INFO] IPUIPlugin:80 - create IPUIPlugin
2025-05-11 18:00:24,627 [INFO] PluginManager:220 - loadIPPluginJar : add hash
2025-05-11 18:00:24,717 [INFO] IPUIPlugin:80 - create IPUIPlugin
2025-05-11 18:00:24,717 [INFO] PluginManager:220 - loadIPPluginJar : add i2c
2025-05-11 18:00:24,776 [INFO] IPUIPlugin:80 - create IPUIPlugin
2025-05-11 18:00:24,776 [INFO] PluginManager:220 - loadIPPluginJar : add i2s
2025-05-11 18:00:24,861 [INFO] IPUIPlugin:80 - create IPUIPlugin
2025-05-11 18:00:24,862 [INFO] PluginManager:220 - loadIPPluginJar : add i3c
2025-05-11 18:00:25,024 [INFO] IPUIPlugin:80 - create IPUIPlugin
2025-05-11 18:00:25,024 [INFO] PluginManager:220 - loadIPPluginJar : add ipddr
2025-05-11 18:00:25,184 [INFO] IPUIPlugin:80 - create IPUIPlugin
2025-05-11 18:00:25,184 [INFO] PluginManager:220 - loadIPPluginJar : add linkedlist
2025-05-11 18:00:25,246 [INFO] IPUIPlugin:80 - create IPUIPlugin
2025-05-11 18:00:25,246 [INFO] PluginManager:220 - loadIPPluginJar : add lorawan
2025-05-11 18:00:25,300 [INFO] IPUIPlugin:80 - create IPUIPlugin
2025-05-11 18:00:25,300 [INFO] PluginManager:220 - loadIPPluginJar : add ltdc
2025-05-11 18:00:25,323 [INFO] IPUIPlugin:80 - create IPUIPlugin
2025-05-11 18:00:25,323 [INFO] PluginManager:220 - loadIPPluginJar : add mdma
2025-05-11 18:00:25,340 [INFO] IPUIPlugin:80 - create IPUIPlugin
2025-05-11 18:00:25,341 [INFO] PluginManager:220 - loadIPPluginJar : add nvic
2025-05-11 18:00:25,399 [INFO] IPUIPlugin:80 - create IPUIPlugin
2025-05-11 18:00:25,399 [INFO] PluginManager:220 - loadIPPluginJar : add opamp
2025-05-11 18:00:25,488 [INFO] IPUIPlugin:80 - create IPUIPlugin
2025-05-11 18:00:25,489 [INFO] PluginManager:220 - loadIPPluginJar : add openamp
2025-05-11 18:00:25,553 [INFO] IPUIPlugin:80 - create IPUIPlugin
2025-05-11 18:00:25,553 [INFO] PluginManager:220 - loadIPPluginJar : add pdm2pcm
2025-05-11 18:00:25,577 [INFO] IPUIPlugin:80 - create IPUIPlugin
2025-05-11 18:00:25,579 [INFO] PluginManager:220 - loadIPPluginJar : add plateformsettings
2025-05-11 18:00:25,599 [INFO] ThirdPartyUpdaterWithRetryManager:70 - Updater plugin not ready yet. [2/15]
2025-05-11 18:00:25,625 [INFO] IPUIPlugin:80 - create IPUIPlugin
2025-05-11 18:00:25,625 [INFO] PluginManager:220 - loadIPPluginJar : add quadspi
2025-05-11 18:00:25,663 [INFO] IPUIPlugin:80 - create IPUIPlugin
2025-05-11 18:00:25,664 [INFO] PluginManager:220 - loadIPPluginJar : add radio
2025-05-11 18:00:25,685 [INFO] IPUIPlugin:80 - create IPUIPlugin
2025-05-11 18:00:25,685 [INFO] PluginManager:220 - loadIPPluginJar : add resmgrutility
2025-05-11 18:00:25,763 [INFO] IPUIPlugin:80 - create IPUIPlugin
2025-05-11 18:00:25,763 [INFO] PluginManager:220 - loadIPPluginJar : add sai
2025-05-11 18:00:25,822 [INFO] IPUIPlugin:80 - create IPUIPlugin
2025-05-11 18:00:25,822 [INFO] PluginManager:220 - loadIPPluginJar : add spi
2025-05-11 18:00:25,919 [INFO] IPUIPlugin:80 - create IPUIPlugin
2025-05-11 18:00:25,919 [INFO] PluginManager:220 - loadIPPluginJar : add stm32_wpan
2025-05-11 18:00:25,957 [INFO] IPUIPlugin:80 - create IPUIPlugin
2025-05-11 18:00:25,957 [INFO] PluginManager:220 - loadIPPluginJar : add tim
2025-05-11 18:00:26,065 [INFO] IPUIPlugin:80 - create IPUIPlugin
2025-05-11 18:00:26,065 [INFO] PluginManager:220 - loadIPPluginJar : add touchsensing
2025-05-11 18:00:26,109 [INFO] IPUIPlugin:80 - create IPUIPlugin
2025-05-11 18:00:26,110 [INFO] PluginManager:220 - loadIPPluginJar : add tracer_emb
2025-05-11 18:00:26,160 [INFO] IPUIPlugin:80 - create IPUIPlugin
2025-05-11 18:00:26,160 [INFO] PluginManager:220 - loadIPPluginJar : add ts
2025-05-11 18:00:26,194 [INFO] IPUIPlugin:80 - create IPUIPlugin
2025-05-11 18:00:26,194 [INFO] PluginManager:220 - loadIPPluginJar : add tsc
2025-05-11 18:00:26,231 [INFO] IPUIPlugin:80 - create IPUIPlugin
2025-05-11 18:00:26,231 [INFO] PluginManager:220 - loadIPPluginJar : add ucpd
2025-05-11 18:00:26,300 [INFO] IPUIPlugin:80 - create IPUIPlugin
2025-05-11 18:00:26,300 [INFO] PluginManager:220 - loadIPPluginJar : add usart
2025-05-11 18:00:26,363 [INFO] IPUIPlugin:80 - create IPUIPlugin
2025-05-11 18:00:26,363 [INFO] PluginManager:220 - loadIPPluginJar : add usbx
2025-05-11 18:00:26,501 [FATAL] Updater:351 - Updater called before beeing initialized
2025-05-11 18:00:26,564 [INFO] RulesReader:64 - Compatibility file has been processed (297 Rules)
2025-05-11 18:00:26,585 [INFO] RulesReader:64 - Compatibility file has been processed (297 Rules)
2025-05-11 18:00:26,597 [INFO] CADModel:165 - CPN selected for project level
2025-05-11 18:00:26,597 [INFO] CADModel:114 - Register for checkConnection events
2025-05-11 18:00:26,597 [FATAL] Updater:351 - Updater called before beeing initialized
2025-05-11 18:00:26,598 [ERROR] CADModel:125 - Updater not yet initialized, retry later 
2025-05-11 18:00:26,791 [FATAL] Updater:351 - Updater called before beeing initialized
2025-05-11 18:00:26,794 [INFO] CADModel:165 - CPN selected for project level
2025-05-11 18:00:26,794 [INFO] CADModel:114 - Register for checkConnection events
2025-05-11 18:00:26,794 [FATAL] Updater:351 - Updater called before beeing initialized
2025-05-11 18:00:26,794 [ERROR] CADModel:125 - Updater not yet initialized, retry later 
2025-05-11 18:00:26,797 [FATAL] Updater:351 - Updater called before beeing initialized
2025-05-11 18:00:26,939 [FATAL] Updater:351 - Updater called before beeing initialized
2025-05-11 18:00:26,954 [INFO] DbMcusAds:53 - JSON generation date=Thu Mar 06 15:54:21 GMT+01:00 2025 (1741272861825)
2025-05-11 18:00:26,954 [FATAL] Updater:351 - Updater called before beeing initialized
2025-05-11 18:00:27,010 [WARN] DetailPanel:346 - Failed to get advertising image, set to default
2025-05-11 18:00:27,302 [FATAL] Updater:351 - Updater called before beeing initialized
2025-05-11 18:00:27,305 [FATAL] Updater:351 - Updater called before beeing initialized
2025-05-11 18:00:27,305 [FATAL] Updater:351 - Updater called before beeing initialized
2025-05-11 18:00:27,305 [WARN] DetailPanel:346 - Failed to get advertising image, set to default
2025-05-11 18:00:27,306 [FATAL] Updater:351 - Updater called before beeing initialized
2025-05-11 18:00:27,391 [ERROR] Updater:1198 - MainUpdater not yet initialized. External WinMGr cannot be set.
2025-05-11 18:00:27,407 [INFO] Updater:1134 - Updater Version found : 6.13.0
2025-05-11 18:00:27,433 [INFO] ApplicationProperties:184 - Using Application install path: C:\ST\STM32CubeIDE_1.17.0\STM32CubeIDE\plugins\com.st.stm32cube.common.mx_6.13.0.202411220809
2025-05-11 18:00:28,038 [INFO] MainUpdater:2872 - connection check result : 10
2025-05-11 18:00:28,039 [INFO] MainUpdater:3566 - Updater definition file requires update
2025-05-11 18:00:28,041 [INFO] MainUpdater:289 - Updater Check For Update Now.
2025-05-11 18:00:28,042 [INFO] MicroXplorer:498 - Change Database Version : DB.6.0.130
2025-05-11 18:00:28,086 [INFO] McuFinderGlobals:63 - Set McuFinder mode to 2 (CubeIDE integrated)
2025-05-11 18:00:28,098 [INFO] UserAuth:486 - Internet connection configuration mode: 1
2025-05-11 18:00:28,151 [INFO] JxBrowserEngine:152 - Initiate JxBrowser Engine with user profile folder
2025-05-11 18:00:28,214 [INFO] ServerAccessManage:473 - Download File updaters.zip
2025-05-11 18:00:28,356 [INFO] FileExtend:240 - Unzip File : updaters.zip
2025-05-11 18:00:28,357 [INFO] FileExtend:255 - Standard Zip Deflate
2025-05-11 18:00:28,601 [WARN] MainUpdater:1193 - Updater busy. Cannot search thirdparties
2025-05-11 18:00:28,603 [INFO] ThirdPartyUpdaterWithRetryManager:96 - Updater plugin is busy. [1/15]
2025-05-11 18:00:29,640 [INFO] ServerAccessManage:473 - Download File PacksControlFlags.xml
2025-05-11 18:00:29,888 [INFO] ServerAccessManage:473 - Download File cubemx.pidx
2025-05-11 18:00:31,082 [INFO] WebApp:168 - Instantiating new browser for Auth
2025-05-11 18:00:31,102 [INFO] ServerAccessManage:473 - Download File STMicroelectronics.X-CUBE-FREERTOS.pdsc
2025-05-11 18:00:31,604 [WARN] MainUpdater:1193 - Updater busy. Cannot search thirdparties
2025-05-11 18:00:31,604 [INFO] ThirdPartyUpdaterWithRetryManager:96 - Updater plugin is busy. [2/15]
2025-05-11 18:00:32,312 [INFO] ServerAccessManage:473 - Download File STMicroelectronics.X-CUBE-NFC7.pdsc
2025-05-11 18:00:32,343 [INFO] WebApp:449 - Apply proxy settings
2025-05-11 18:00:32,343 [INFO] WebApp:534 - Chromium requires no authentication
2025-05-11 18:00:32,369 [INFO] WebApp:477 - Direct internet connection detected
2025-05-11 18:00:32,431 [INFO] WebApp:880 - Register for checkConnection events
2025-05-11 18:00:32,432 [INFO] WebApp:449 - Apply proxy settings
2025-05-11 18:00:32,432 [INFO] WebApp:534 - Chromium requires no authentication
2025-05-11 18:00:32,433 [INFO] WebApp:477 - Direct internet connection detected
2025-05-11 18:00:32,609 [INFO] WebApp:187 - Connection restablished
2025-05-11 18:00:32,840 [INFO] WebApp:221 - Starting web application
2025-05-11 18:00:32,841 [INFO] WebApp:579 - Web application path used C:\ST\STM32CubeIDE_1.17.0\STM32CubeIDE\plugins\com.st.stm32cube.common.mx_6.13.0.202411220809\db\plugins\mcufinder\reactClient1\index.html
2025-05-11 18:00:33,214 [INFO] UserAuth:486 - Internet connection configuration mode: 1
2025-05-11 18:00:34,267 [WARN] PackLoader:240 - Cannot read IP mode file for STMicroelectronics.X-CUBE-FREERTOS.1.3.1
2025-05-11 18:00:34,286 [WARN] PackLoader:240 - Cannot read IP mode file for STMicroelectronics.X-CUBE-NFC7.2.0.0
2025-05-11 18:00:34,289 [INFO] PopulateThirdPartyThread:66 - Ending populate Thread
2025-05-11 18:00:34,291 [INFO] ThirdParty:1030 - CMSIS Pack Vendor :STMicroelectronics X-CUBE-FREERTOS 1.3.1
2025-05-11 18:00:34,292 [INFO] ThirdParty:1030 - CMSIS Pack Vendor :STMicroelectronics X-CUBE-NFC7 2.0.0
2025-05-11 18:00:34,292 [INFO] LoadServerUpdatesThread:375 - End of LoadServerUpdate Thread
2025-05-11 18:00:34,422 [INFO] CheckServerUpdateThread:120 - End of CheckServer Thread
2025-05-11 18:00:34,965 [WARN] PackLoader:240 - Cannot read IP mode file for STMicroelectronics.FP-SNS-MOTENVWB1.1.4.0
2025-05-11 18:00:34,975 [WARN] PackLoader:240 - Cannot read IP mode file for STMicroelectronics.FP-ATR-ASTRA1.2.0.2
2025-05-11 18:00:34,999 [WARN] PackLoader:240 - Cannot read IP mode file for STMicroelectronics.FP-ATR-ASTRA1.2.0.1
2025-05-11 18:00:35,028 [WARN] PackLoader:240 - Cannot read IP mode file for STMicroelectronics.X-CUBE-SMBUS.2.1.0
2025-05-11 18:00:35,051 [WARN] PackLoader:240 - Cannot read IP mode file for STMicroelectronics.X-CUBE-WB05N.1.1.0
2025-05-11 18:00:35,103 [WARN] PackLoader:240 - Cannot read IP mode file for STMicroelectronics.X-CUBE-AZRTOS-F7.1.1.0
2025-05-11 18:00:35,137 [WARN] PackLoader:240 - Cannot read IP mode file for STMicroelectronics.FP-SNS-FLIGHT1.5.0.2
2025-05-11 18:00:35,186 [WARN] PackLoader:240 - Cannot read IP mode file for Infineon.AIROC-Wi-Fi-Bluetooth-STM32.1.7.0
2025-05-11 18:00:35,216 [WARN] PackLoader:240 - Cannot read IP mode file for STMicroelectronics.X-CUBE-DISPLAY.3.0.0
2025-05-11 18:00:35,243 [WARN] PackLoader:240 - Cannot read IP mode file for STMicroelectronics.X-CUBE-BLE1.7.0.0
2025-05-11 18:00:35,269 [WARN] PackLoader:240 - Cannot read IP mode file for STMicroelectronics.X-CUBE-NFC10.1.0.0
2025-05-11 18:00:35,300 [WARN] PackLoader:240 - Cannot read IP mode file for STMicroelectronics.X-CUBE-BLEMGR.4.0.0
2025-05-11 18:00:35,327 [WARN] PackLoader:240 - Cannot read IP mode file for emotas.I-CUBE-CANOPEN.1.3.0
2025-05-11 18:00:35,349 [WARN] PackLoader:240 - Cannot read IP mode file for STMicroelectronics.X-CUBE-AI.10.0.0
2025-05-11 18:00:35,373 [WARN] PackLoader:240 - Cannot read IP mode file for STMicroelectronics.FP-SNS-SMARTAG2.1.2.0
2025-05-11 18:00:35,379 [WARN] PackLoader:240 - Cannot read IP mode file for STMicroelectronics.FP-SNS-FLIGHT1.5.1.0
2025-05-11 18:00:35,477 [WARN] PackLoader:240 - Cannot read IP mode file for STMicroelectronics.X-CUBE-MEMS1.11.1.0
2025-05-11 18:00:35,891 [INFO] LogOutputStream:77 - [STDOUT_REDIRECT] 1 : Invalid condition id : UX_CORESTACK_Condition cause : null
2025-05-11 18:00:35,892 [INFO] LogOutputStream:77 - [STDOUT_REDIRECT] 1 : Invalid condition id : UX_CORESTACK_Condition cause : null
2025-05-11 18:00:35,894 [INFO] LogOutputStream:77 - [STDOUT_REDIRECT] 1 : Invalid condition id : UX_CORESTACK_Condition cause : null
2025-05-11 18:00:35,895 [INFO] LogOutputStream:77 - [STDOUT_REDIRECT] 1 : Invalid condition id : UX_CORESTACK_Condition cause : null
2025-05-11 18:00:35,897 [INFO] LogOutputStream:77 - [STDOUT_REDIRECT] 1 : Invalid condition id : UX_CORESTACK_Condition cause : null
2025-05-11 18:00:35,901 [WARN] PackLoader:240 - Cannot read IP mode file for STMicroelectronics.X-CUBE-AZRTOS-WL.2.0.0
2025-05-11 18:00:35,925 [WARN] PackLoader:240 - Cannot read IP mode file for STMicroelectronics.FP-SNS-MOTENV1.5.0.0
2025-05-11 18:00:35,933 [WARN] PackLoader:240 - Cannot read IP mode file for wolfSSL.I-CUBE-wolfMQTT.1.19.0
2025-05-11 18:00:35,956 [WARN] PackLoader:240 - Cannot read IP mode file for WES.I-CUBE-Cesium.1.3.0
2025-05-11 18:00:35,978 [WARN] PackLoader:240 - Cannot read IP mode file for STMicroelectronics.X-CUBE-BLE2.3.3.0
2025-05-11 18:00:35,998 [WARN] PackLoader:240 - Cannot read IP mode file for STMicroelectronics.X-CUBE-NFC9.1.0.0
2025-05-11 18:00:36,019 [WARN] PackLoader:240 - Cannot read IP mode file for STMicroelectronics.X-CUBE-BLE1.7.1.0
2025-05-11 18:00:36,092 [WARN] PackLoader:240 - Cannot read IP mode file for STMicroelectronics.X-CUBE-MEMS1.11.2.0
2025-05-11 18:00:36,241 [WARN] PackLoader:240 - Cannot read IP mode file for STMicroelectronics.X-CUBE-AZRTOS-G0.1.1.0
2025-05-11 18:00:36,267 [WARN] PackLoader:240 - Cannot read IP mode file for STMicroelectronics.X-CUBE-SAFEA1.1.2.2
2025-05-11 18:00:36,295 [WARN] PackLoader:240 - Cannot read IP mode file for STMicroelectronics.X-CUBE-NFC4.3.0.0
2025-05-11 18:00:36,325 [WARN] PackLoader:240 - Cannot read IP mode file for EmbeddedOffice.I-CUBE-FS-RTOS.1.0.1
2025-05-11 18:00:36,347 [WARN] PackLoader:240 - Cannot read IP mode file for STMicroelectronics.X-CUBE-WB05N.2.0.0
2025-05-11 18:00:36,372 [WARN] PackLoader:240 - Cannot read IP mode file for STMicroelectronics.X-CUBE-TCPP.4.2.0
2025-05-11 18:00:36,394 [WARN] PackLoader:240 - Cannot read IP mode file for RealThread.X-CUBE-RT-Thread_Nano.4.1.1
2025-05-11 18:00:36,402 [WARN] PackLoader:240 - Cannot read IP mode file for STMicroelectronics.FP-ATR-SIGFOX1.3.2.0
2025-05-11 18:00:36,409 [WARN] ConditionMgr:438 - getConditionDescription Invalid condition id : Cortex-A Device cause : null
2025-05-11 18:00:36,443 [WARN] ConditionMgr:1044 - genDependencies : Invalid condition id : Cortex-A Device cause : null
2025-05-11 18:00:36,443 [WARN] ConditionMgr:1044 - genDependencies : Invalid condition id : Cortex-A Device cause : null
2025-05-11 18:00:36,443 [WARN] ConditionMgr:1044 - genDependencies : Invalid condition id : Cortex-A Device cause : null
2025-05-11 18:00:36,471 [WARN] PackLoader:240 - Cannot read IP mode file for STMicroelectronics.X-CUBE-EEPRMA1.5.1.0
2025-05-11 18:00:36,494 [WARN] PackLoader:240 - Cannot read IP mode file for wolfSSL.I-CUBE-wolfSSL.5.7.6
2025-05-11 18:00:36,521 [WARN] PackLoader:240 - Cannot read IP mode file for ITTIA_DB.I-CUBE-ITTIADB.8.9.0
2025-05-11 18:00:36,569 [WARN] PackLoader:240 - Cannot read IP mode file for SEGGER.I-CUBE-embOS.1.3.1
2025-05-11 18:00:36,631 [WARN] PackLoader:240 - Cannot read IP mode file for STMicroelectronics.X-CUBE-ALGOBUILD.1.4.0
2025-05-11 18:00:36,673 [WARN] PackLoader:240 - Cannot read IP mode file for STMicroelectronics.X-CUBE-AZRTOS-F4.1.1.0
2025-05-11 18:00:36,770 [WARN] PackLoader:240 - Cannot read IP mode file for Avnet-IotConnect.X-CUBE-IoTC-DA16k-PMOD.1.0.0
2025-05-11 18:00:36,856 [WARN] PackLoader:240 - Cannot read IP mode file for STMicroelectronics.X-CUBE-ISPU.2.1.0
2025-05-11 18:00:36,928 [WARN] PackLoader:240 - Cannot read IP mode file for STMicroelectronics.X-CUBE-AZRTOS-L5.2.0.0
2025-05-11 18:00:36,957 [WARN] PackLoader:240 - Cannot read IP mode file for STMicroelectronics.X-CUBE-NFC6.3.1.0
2025-05-11 18:00:36,980 [WARN] PackLoader:240 - Cannot read IP mode file for STMicroelectronics.X-CUBE-DPower.1.2.0
2025-05-11 18:00:36,988 [WARN] PackLoader:240 - Cannot read IP mode file for STMicroelectronics.X-CUBE-FREERTOS.1.3.1
2025-05-11 18:00:37,008 [WARN] PackLoader:240 - Cannot read IP mode file for STMicroelectronics.X-CUBE-FREERTOS.1.3.0
2025-05-11 18:00:37,030 [WARN] PackLoader:240 - Cannot read IP mode file for STMicroelectronics.X-CUBE-NFC7.1.0.1
2025-05-11 18:00:37,053 [WARN] PackLoader:240 - Cannot read IP mode file for STMicroelectronics.X-CUBE-DPower.1.3.0
2025-05-11 18:00:37,120 [WARN] ConditionMgr:438 - getConditionDescription Invalid condition id : LAN8742 Phy interface Condition cause : null
2025-05-11 18:00:37,121 [WARN] PackLoader:240 - Cannot read IP mode file for STMicroelectronics.X-CUBE-AZRTOS-L4.2.0.0
2025-05-11 18:00:37,122 [WARN] ConditionMgr:1044 - genDependencies : Invalid condition id : LAN8742 Phy interface Condition cause : null
2025-05-11 18:00:37,123 [WARN] ConditionMgr:1044 - genDependencies : Invalid condition id : LAN8742 Phy interface Condition cause : null
2025-05-11 18:00:37,123 [WARN] ConditionMgr:1044 - genDependencies : Invalid condition id : LAN8742 Phy interface Condition cause : null
2025-05-11 18:00:37,150 [WARN] PackLoader:240 - Cannot read IP mode file for STMicroelectronics.X-CUBE-SFXS2LP1.4.0.0
2025-05-11 18:00:37,207 [WARN] PackLoader:240 - Cannot read IP mode file for STMicroelectronics.X-CUBE-AZRTOS-H7.3.3.0
2025-05-11 18:00:37,251 [WARN] ConditionMgr:438 - getConditionDescription Invalid condition id : UX DEVICE CLASS RTOS Condition cause : null
2025-05-11 18:00:37,251 [WARN] ConditionMgr:438 - getConditionDescription Invalid condition id : UX DEVICE CLASS RTOS Condition cause : null
2025-05-11 18:00:37,254 [WARN] PackLoader:240 - Cannot read IP mode file for STMicroelectronics.X-CUBE-AZRTOS-WB.2.0.0
2025-05-11 18:00:37,254 [WARN] ConditionMgr:1044 - genDependencies : Invalid condition id : UX DEVICE CLASS RTOS Condition cause : null
2025-05-11 18:00:37,255 [WARN] ConditionMgr:1044 - genDependencies : Invalid condition id : UX DEVICE CLASS RTOS Condition cause : null
2025-05-11 18:00:37,255 [WARN] ConditionMgr:1044 - genDependencies : Invalid condition id : UX DEVICE CLASS RTOS Condition cause : null
2025-05-11 18:00:37,256 [WARN] ConditionMgr:1044 - genDependencies : Invalid condition id : UX DEVICE CLASS RTOS Condition cause : null
2025-05-11 18:00:37,256 [WARN] ConditionMgr:1044 - genDependencies : Invalid condition id : UX DEVICE CLASS RTOS Condition cause : null
2025-05-11 18:00:37,278 [WARN] PackLoader:240 - Cannot read IP mode file for STMicroelectronics.X-CUBE-GNSS1.7.0.1
2025-05-11 18:00:37,305 [WARN] PackLoader:240 - Cannot read IP mode file for STMicroelectronics.X-CUBE-TOUCHGFX.4.25.0
2025-05-11 18:00:37,327 [WARN] PackLoader:240 - Cannot read IP mode file for STMicroelectronics.FP-SNS-STBOX1.2.0.0
2025-05-11 18:00:37,355 [WARN] PackLoader:240 - Cannot read IP mode file for STMicroelectronics.X-CUBE-SUBG2.5.0.0
2025-05-11 18:00:37,400 [WARN] PackLoader:240 - Cannot read IP mode file for STMicroelectronics.X-CUBE-AZRTOS-H7RS.1.1.0
2025-05-11 18:00:37,411 [WARN] PackLoader:240 - Cannot read IP mode file for Cesanta.I-CUBE-Mongoose.7.13.0
2025-05-11 18:00:37,448 [WARN] PackLoader:240 - Cannot read IP mode file for STMicroelectronics.X-CUBE-AZRTOS-G4.2.0.0
2025-05-11 18:00:37,460 [WARN] PackLoader:240 - Cannot read IP mode file for STMicroelectronics.X-CUBE-NFC7.2.0.0
2025-05-11 18:00:37,492 [WARN] PackLoader:240 - Cannot read IP mode file for STMicroelectronics.X-CUBE-IPS.3.1.0
2025-05-11 18:00:37,517 [WARN] PackLoader:240 - Cannot read IP mode file for STMicroelectronics.X-CUBE-ALS.1.0.2
2025-05-11 18:00:37,538 [WARN] PackLoader:240 - Cannot read IP mode file for STMicroelectronics.X-CUBE-TOUCHGFX.4.24.2
2025-05-11 18:00:37,545 [WARN] PackLoader:240 - Cannot read IP mode file for wolfSSL.I-CUBE-wolfTPM.3.4.0
2025-05-11 18:00:37,569 [WARN] PackLoader:240 - Cannot read IP mode file for portGmbH.I-Cube-SoM-uGOAL.1.1.0
2025-05-11 18:00:37,611 [WARN] PackLoader:240 - Cannot read IP mode file for STMicroelectronics.X-CUBE-AZRTOS-H7RS.1.0.0
2025-05-11 18:00:37,641 [WARN] PackLoader:240 - Cannot read IP mode file for STMicroelectronics.X-CUBE-TOF1.3.4.2
2025-05-11 18:00:37,674 [WARN] PackLoader:240 - Cannot read IP mode file for STMicroelectronics.X-CUBE-TOF1.3.4.3
2025-05-11 18:00:37,688 [WARN] PackLoader:240 - Cannot read IP mode file for wolfSSL.I-CUBE-wolfSSH.1.4.17
2025-05-11 18:00:37,689 [INFO] ThirdParty:978 - Integrity check success = true
2025-05-11 18:00:37,689 [INFO] IntegrityCheckThread:100 - exiting critical section [integrity check]
2025-05-11 18:00:37,689 [INFO] IntegrityCheckThread:103 - End integrity checks thread
2025-05-11 20:20:31,613 [INFO] WebApp:190 - Connection lost
2025-05-11 20:20:32,136 [INFO] WebApp:187 - Connection restablished
2025-05-11 21:13:12,131 [ERROR] LogOutputStream:75 - [STDERR_REDIRECT] 
